<?xml version="1.0" encoding="UTF-8"?>
<testng-results ignored="0" total="1" passed="1" failed="0" skipped="0">
  <reporter-output>
  </reporter-output>
  <suite started-at="2022-01-19T12:25:04 MYT" name="Default suite" finished-at="2022-01-19T12:25:05 MYT" duration-ms="1228">
    <groups>
    </groups>
    <test started-at="2022-01-19T12:25:04 MYT" name="Default test" finished-at="2022-01-19T12:25:05 MYT" duration-ms="1228">
      <class name="com.qa.tests.PostAPITest">
        <test-method is-config="true" signature="setUp()[pri:0, instance:com.qa.tests.PostAPITest@4cc8eb05]" started-at="2022-01-19T12:25:04 MYT" name="setUp" finished-at="2022-01-19T12:25:04 MYT" duration-ms="3" status="PASS">
          <reporter-output>
          </reporter-output>
        </test-method> <!-- setUp -->
        <test-method signature="postAPITest()[pri:0, instance:com.qa.tests.PostAPITest@4cc8eb05]" started-at="2022-01-19T12:25:04 MYT" name="postAPITest" finished-at="2022-01-19T12:25:05 MYT" duration-ms="1198" status="PASS">
          <reporter-output>
          </reporter-output>
        </test-method> <!-- postAPITest -->
      </class> <!-- com.qa.tests.PostAPITest -->
    </test> <!-- Default test -->
  </suite> <!-- Default suite -->
</testng-results>
